<?xml version="1.0" encoding="UTF-8"?>
<!-- Generated by org.testng.reporters.JUnitXMLReporter -->
<testsuite ignored="1" hostname="localhost.pcs" failures="1" tests="2" name="Test" time="52.087" errors="0" timestamp="2022-07-19T11:01:17 IST">
  <testcase classname="uaterp.RoleAuthourization" name="role" time="35.278"/>
  <testcase classname="uaterp.CreateRole" name="duplicateRoleTest1" time="16.785">
    <failure type="org.openqa.selenium.ElementClickInterceptedException" message="element click intercepted: Element &amp;lt;button type=&amp;quot;button&amp;quot; class=&amp;quot;swal2-confirm swal2-styled&amp;quot; aria-label=&amp;quot;&amp;quot; style=&amp;quot;display: inline-block; border-left-color: rgb(48, 133, 214); border-right-color: rgb(48, 133, 214);&amp;quot;&amp;gt;...&amp;lt;/button&amp;gt; is not clickable at point (798, 429). Other element would receive the click: &amp;lt;div aria-labelledby=&amp;quot;swal2-title&amp;quot; aria-describedby=&amp;quot;swal2-content&amp;quot; class=&amp;quot;swal2-popup swal2-modal swal2-icon-success swal2-show&amp;quot; tabindex=&amp;quot;-1&amp;quot; role=&amp;quot;dialog&amp;quot; aria-live=&amp;quot;assertive&amp;quot; aria-modal=&amp;quot;true&amp;quot; style=&amp;quot;display: flex;&amp;quot;&amp;gt;...&amp;lt;/div&amp;gt;
  (Session info: chrome=103.0.5060.114)
Build info: version: &amp;apos;4.3.0&amp;apos;, revision: &amp;apos;a4995e2c09*&amp;apos;
System info: host: &amp;apos;localhost.pcs&amp;apos;, ip: &amp;apos;192.168.1.51&amp;apos;, os.name: &amp;apos;Linux&amp;apos;, os.arch: &amp;apos;amd64&amp;apos;, os.version: &amp;apos;4.18.0-394.el8.x86_64&amp;apos;, java.version: &amp;apos;11.0.15&amp;apos;
Driver info: org.openqa.selenium.chrome.ChromeDriver
Command: [e2d95ab045fb1a41bdb70819b57bee9f, clickElement {id=463d9906-c07c-4880-9f55-1cac962be61a}]
Capabilities {acceptInsecureCerts: false, browserName: chrome, browserVersion: 103.0.5060.114, chrome: {chromedriverVersion: 103.0.5060.53 (a1711811edd7..., userDataDir: /tmp/.com.google.Chrome.L9GuZm}, goog:chromeOptions: {debuggerAddress: localhost:45045}, networkConnectionEnabled: false, pageLoadStrategy: normal, platformName: LINUX, proxy: Proxy(), se:cdp: ws://localhost:45045/devtoo..., se:cdpVersion: 103.0.5060.114, setWindowRect: true, strictFileInteractability: false, timeouts: {implicit: 0, pageLoad: 300000, script: 30000}, unhandledPromptBehavior: dismiss and notify, webauthn:extension:credBlob: true, webauthn:extension:largeBlob: true, webauthn:virtualAuthenticators: true}
Element: [[ChromeDriver: chrome on LINUX (e2d95ab045fb1a41bdb70819b57bee9f)] -&amp;gt; xpath: //button[normalize-space()=&amp;apos;OK&amp;apos;]]
Session ID: e2d95ab045fb1a41bdb70819b57bee9f">
      <![CDATA[org.openqa.selenium.ElementClickInterceptedException: element click intercepted: Element <button type="button" class="swal2-confirm swal2-styled" aria-label="" style="display: inline-block; border-left-color: rgb(48, 133, 214); border-right-color: rgb(48, 133, 214);">...</button> is not clickable at point (798, 429). Other element would receive the click: <div aria-labelledby="swal2-title" aria-describedby="swal2-content" class="swal2-popup swal2-modal swal2-icon-success swal2-show" tabindex="-1" role="dialog" aria-live="assertive" aria-modal="true" style="display: flex;">...</div>
  (Session info: chrome=103.0.5060.114)
Build info: version: '4.3.0', revision: 'a4995e2c09*'
System info: host: 'localhost.pcs', ip: '192.168.1.51', os.name: 'Linux', os.arch: 'amd64', os.version: '4.18.0-394.el8.x86_64', java.version: '11.0.15'
Driver info: org.openqa.selenium.chrome.ChromeDriver
Command: [e2d95ab045fb1a41bdb70819b57bee9f, clickElement {id=463d9906-c07c-4880-9f55-1cac962be61a}]
Capabilities {acceptInsecureCerts: false, browserName: chrome, browserVersion: 103.0.5060.114, chrome: {chromedriverVersion: 103.0.5060.53 (a1711811edd7..., userDataDir: /tmp/.com.google.Chrome.L9GuZm}, goog:chromeOptions: {debuggerAddress: localhost:45045}, networkConnectionEnabled: false, pageLoadStrategy: normal, platformName: LINUX, proxy: Proxy(), se:cdp: ws://localhost:45045/devtoo..., se:cdpVersion: 103.0.5060.114, setWindowRect: true, strictFileInteractability: false, timeouts: {implicit: 0, pageLoad: 300000, script: 30000}, unhandledPromptBehavior: dismiss and notify, webauthn:extension:credBlob: true, webauthn:extension:largeBlob: true, webauthn:virtualAuthenticators: true}
Element: [[ChromeDriver: chrome on LINUX (e2d95ab045fb1a41bdb70819b57bee9f)] -> xpath: //button[normalize-space()='OK']]
Session ID: e2d95ab045fb1a41bdb70819b57bee9f
at org.openqa.selenium.remote.codec.w3c.W3CHttpResponseCodec.createException(W3CHttpResponseCodec.java:200)
at org.openqa.selenium.remote.codec.w3c.W3CHttpResponseCodec.decode(W3CHttpResponseCodec.java:133)
at org.openqa.selenium.remote.codec.w3c.W3CHttpResponseCodec.decode(W3CHttpResponseCodec.java:53)
at org.openqa.selenium.remote.HttpCommandExecutor.execute(HttpCommandExecutor.java:184)
at org.openqa.selenium.remote.service.DriverCommandExecutor.invokeExecute(DriverCommandExecutor.java:167)
at org.openqa.selenium.remote.service.DriverCommandExecutor.execute(DriverCommandExecutor.java:142)
at org.openqa.selenium.remote.RemoteWebDriver.execute(RemoteWebDriver.java:569)
at org.openqa.selenium.remote.RemoteWebElement.execute(RemoteWebElement.java:257)
at org.openqa.selenium.remote.RemoteWebElement.click(RemoteWebElement.java:78)
at uaterp.CreateRole.duplicateRoleTest1(CreateRole.java:89)
at java.base/java.util.ArrayList.forEach(ArrayList.java:1541)
... Removed 31 stack frames]]>
    </failure>
  </testcase> <!-- duplicateRoleTest1 -->
  <testcase classname="uaterp.CreateRole" name="role" time="0.0">
    <ignored/>
  </testcase> <!-- role -->
</testsuite> <!-- Test -->
