<?xml version="1.0" encoding="UTF-8"?>
<!-- Generated by org.testng.reporters.JUnitReportReporter -->
<testsuite hostname="localhost.pcs" failures="0" tests="2" name="uaterp.CreateRole" time="16.785" errors="1" timestamp="2022-07-19T11:01:17 IST" skipped="1">
  <testcase classname="uaterp.CreateRole" name="duplicateRoleTest1" time="16.785">
    <error message="element click intercepted: Element &lt;button type=&quot;button&quot; class=&quot;swal2-confirm swal2-styled&quot; aria-label=&quot;&quot; style=&quot;display: inline-block; border-left-color: rgb(48, 133, 214); border-right-color: rgb(48, 133, 214);&quot;&gt;...&lt;/button&gt; is not clickable at point (798, 429). Other element would receive the click: &lt;div aria-labelledby=&quot;swal2-title&quot; aria-describedby=&quot;swal2-content&quot; class=&quot;swal2-popup swal2-modal swal2-icon-success swal2-show&quot; tabindex=&quot;-1&quot; role=&quot;dialog&quot; aria-live=&quot;assertive&quot; aria-modal=&quot;true&quot; style=&quot;display: flex;&quot;&gt;...&lt;/div&gt;
  (Session info: chrome=103.0.5060.114)
Build info: version: &#039;4.3.0&#039;, revision: &#039;a4995e2c09*&#039;
System info: host: &#039;localhost.pcs&#039;, ip: &#039;192.168.1.51&#039;, os.name: &#039;Linux&#039;, os.arch: &#039;amd64&#039;, os.version: &#039;4.18.0-394.el8.x86_64&#039;, java.version: &#039;11.0.15&#039;
Driver info: org.openqa.selenium.chrome.ChromeDriver
Command: [e2d95ab045fb1a41bdb70819b57bee9f, clickElement {id=463d9906-c07c-4880-9f55-1cac962be61a}]
Capabilities {acceptInsecureCerts: false, browserName: chrome, browserVersion: 103.0.5060.114, chrome: {chromedriverVersion: 103.0.5060.53 (a1711811edd7..., userDataDir: /tmp/.com.google.Chrome.L9GuZm}, goog:chromeOptions: {debuggerAddress: localhost:45045}, networkConnectionEnabled: false, pageLoadStrategy: normal, platformName: LINUX, proxy: Proxy(), se:cdp: ws://localhost:45045/devtoo..., se:cdpVersion: 103.0.5060.114, setWindowRect: true, strictFileInteractability: false, timeouts: {implicit: 0, pageLoad: 300000, script: 30000}, unhandledPromptBehavior: dismiss and notify, webauthn:extension:credBlob: true, webauthn:extension:largeBlob: true, webauthn:virtualAuthenticators: true}
Element: [[ChromeDriver: chrome on LINUX (e2d95ab045fb1a41bdb70819b57bee9f)] -&gt; xpath: //button[normalize-space()=&#039;OK&#039;]]
Session ID: e2d95ab045fb1a41bdb70819b57bee9f" type="org.openqa.selenium.ElementClickInterceptedException">
      <![CDATA[org.openqa.selenium.ElementClickInterceptedException: element click intercepted: Element <button type="button" class="swal2-confirm swal2-styled" aria-label="" style="display: inline-block; border-left-color: rgb(48, 133, 214); border-right-color: rgb(48, 133, 214);">...</button> is not clickable at point (798, 429). Other element would receive the click: <div aria-labelledby="swal2-title" aria-describedby="swal2-content" class="swal2-popup swal2-modal swal2-icon-success swal2-show" tabindex="-1" role="dialog" aria-live="assertive" aria-modal="true" style="display: flex;">...</div>
  (Session info: chrome=103.0.5060.114)
Build info: version: '4.3.0', revision: 'a4995e2c09*'
System info: host: 'localhost.pcs', ip: '192.168.1.51', os.name: 'Linux', os.arch: 'amd64', os.version: '4.18.0-394.el8.x86_64', java.version: '11.0.15'
Driver info: org.openqa.selenium.chrome.ChromeDriver
Command: [e2d95ab045fb1a41bdb70819b57bee9f, clickElement {id=463d9906-c07c-4880-9f55-1cac962be61a}]
Capabilities {acceptInsecureCerts: false, browserName: chrome, browserVersion: 103.0.5060.114, chrome: {chromedriverVersion: 103.0.5060.53 (a1711811edd7..., userDataDir: /tmp/.com.google.Chrome.L9GuZm}, goog:chromeOptions: {debuggerAddress: localhost:45045}, networkConnectionEnabled: false, pageLoadStrategy: normal, platformName: LINUX, proxy: Proxy(), se:cdp: ws://localhost:45045/devtoo..., se:cdpVersion: 103.0.5060.114, setWindowRect: true, strictFileInteractability: false, timeouts: {implicit: 0, pageLoad: 300000, script: 30000}, unhandledPromptBehavior: dismiss and notify, webauthn:extension:credBlob: true, webauthn:extension:largeBlob: true, webauthn:virtualAuthenticators: true}
Element: [[ChromeDriver: chrome on LINUX (e2d95ab045fb1a41bdb70819b57bee9f)] -> xpath: //button[normalize-space()='OK']]
Session ID: e2d95ab045fb1a41bdb70819b57bee9f
at java.base/jdk.internal.reflect.NativeConstructorAccessorImpl.newInstance0(Native Method)
at java.base/jdk.internal.reflect.NativeConstructorAccessorImpl.newInstance(NativeConstructorAccessorImpl.java:62)
at java.base/jdk.internal.reflect.DelegatingConstructorAccessorImpl.newInstance(DelegatingConstructorAccessorImpl.java:45)
at java.base/java.lang.reflect.Constructor.newInstance(Constructor.java:490)
at org.openqa.selenium.remote.codec.w3c.W3CHttpResponseCodec.createException(W3CHttpResponseCodec.java:200)
at org.openqa.selenium.remote.codec.w3c.W3CHttpResponseCodec.decode(W3CHttpResponseCodec.java:133)
at org.openqa.selenium.remote.codec.w3c.W3CHttpResponseCodec.decode(W3CHttpResponseCodec.java:53)
at org.openqa.selenium.remote.HttpCommandExecutor.execute(HttpCommandExecutor.java:184)
at org.openqa.selenium.remote.service.DriverCommandExecutor.invokeExecute(DriverCommandExecutor.java:167)
at org.openqa.selenium.remote.service.DriverCommandExecutor.execute(DriverCommandExecutor.java:142)
at org.openqa.selenium.remote.RemoteWebDriver.execute(RemoteWebDriver.java:569)
at org.openqa.selenium.remote.RemoteWebElement.execute(RemoteWebElement.java:257)
at org.openqa.selenium.remote.RemoteWebElement.click(RemoteWebElement.java:78)
at uaterp.CreateRole.duplicateRoleTest1(CreateRole.java:89)
at java.base/jdk.internal.reflect.NativeMethodAccessorImpl.invoke0(Native Method)
at java.base/jdk.internal.reflect.NativeMethodAccessorImpl.invoke(NativeMethodAccessorImpl.java:62)
at java.base/jdk.internal.reflect.DelegatingMethodAccessorImpl.invoke(DelegatingMethodAccessorImpl.java:43)
at java.base/java.lang.reflect.Method.invoke(Method.java:566)
at org.testng.internal.MethodInvocationHelper.invokeMethod(MethodInvocationHelper.java:133)
at org.testng.internal.TestInvoker.invokeMethod(TestInvoker.java:598)
at org.testng.internal.TestInvoker.invokeTestMethod(TestInvoker.java:173)
at org.testng.internal.MethodRunner.runInSequence(MethodRunner.java:46)
at org.testng.internal.TestInvoker$MethodInvocationAgent.invoke(TestInvoker.java:824)
at org.testng.internal.TestInvoker.invokeTestMethods(TestInvoker.java:146)
at org.testng.internal.TestMethodWorker.invokeTestMethods(TestMethodWorker.java:146)
at org.testng.internal.TestMethodWorker.run(TestMethodWorker.java:128)
at java.base/java.util.ArrayList.forEach(ArrayList.java:1541)
at org.testng.TestRunner.privateRun(TestRunner.java:794)
at org.testng.TestRunner.run(TestRunner.java:596)
at org.testng.SuiteRunner.runTest(SuiteRunner.java:377)
at org.testng.SuiteRunner.runSequentially(SuiteRunner.java:371)
at org.testng.SuiteRunner.privateRun(SuiteRunner.java:332)
at org.testng.SuiteRunner.run(SuiteRunner.java:276)
at org.testng.SuiteRunnerWorker.runSuite(SuiteRunnerWorker.java:53)
at org.testng.SuiteRunnerWorker.run(SuiteRunnerWorker.java:96)
at org.testng.TestNG.runSuitesSequentially(TestNG.java:1212)
at org.testng.TestNG.runSuitesLocally(TestNG.java:1134)
at org.testng.TestNG.runSuites(TestNG.java:1063)
at org.testng.TestNG.run(TestNG.java:1031)
at org.testng.remote.AbstractRemoteTestNG.run(AbstractRemoteTestNG.java:115)
at org.testng.remote.RemoteTestNG.initAndRun(RemoteTestNG.java:251)
at org.testng.remote.RemoteTestNG.main(RemoteTestNG.java:77)
]]>
    </error>
  </testcase> <!-- duplicateRoleTest1 -->
  <system-out/>
  <testcase classname="uaterp.CreateRole" name="role">
    <skipped/>
  </testcase> <!-- role -->
  <system-out/>
</testsuite> <!-- uaterp.CreateRole -->
